[    0.000000] Initializing cgroup subsys cpuset
[    0.000000] Initializing cgroup subsys cpu
[    0.000000] Initializing cgroup subsys cpuacct
[    0.000000] Linux version 4.4.0-176-generic (buildd@lgw01-amd64-035) (gcc version 5.4.0 20160609 (Ubuntu 5.4.0-6ubuntu1~16.04.12) ) #206-Ubuntu SMP Fri Feb 28 05:02:04 UTC 2020 (Ubuntu 4.4.0-176.206-generic 4.4.211)
[    0.000000] Command line: BOOT_IMAGE=/boot/vmlinuz-4.4.0-176-generic root=LABEL=cloudimg-rootfs ro console=tty1 console=ttyS0
[    0.000000] KERNEL supported cpus:
[    0.000000]   Intel GenuineIntel
[    0.000000]   AMD AuthenticAMD
[    0.000000]   Centaur CentaurHauls
[    0.000000] x86/fpu: xstate_offset[2]:  576, xstate_sizes[2]:  256
[    0.000000] x86/fpu: Supporting XSAVE feature 0x01: 'x87 floating point registers'
[    0.000000] x86/fpu: Supporting XSAVE feature 0x02: 'SSE registers'
[    0.000000] x86/fpu: Supporting XSAVE feature 0x04: 'AVX registers'
[    0.000000] x86/fpu: Enabled xstate features 0x7, context size is 832 bytes, using 'standard' format.
[    0.000000] e820: BIOS-provided physical RAM map:
[    0.000000] BIOS-e820: [mem 0x0000000000000000-0x000000000009fbff] usable
[    0.000000] BIOS-e820: [mem 0x000000000009fc00-0x000000000009ffff] reserved
[    0.000000] BIOS-e820: [mem 0x00000000000f0000-0x00000000000fffff] reserved
[    0.000000] BIOS-e820: [mem 0x0000000000100000-0x000000007ffeffff] usable
[    0.000000] BIOS-e820: [mem 0x000000007fff0000-0x000000007fffffff] ACPI data
[    0.000000] BIOS-e820: [mem 0x00000000fec00000-0x00000000fec00fff] reserved
[    0.000000] BIOS-e820: [mem 0x00000000fee00000-0x00000000fee00fff] reserved
[    0.000000] BIOS-e820: [mem 0x00000000fffc0000-0x00000000ffffffff] reserved
[    0.000000] NX (Execute Disable) protection: active
[    0.000000] SMBIOS 2.5 present.
[    0.000000] Hypervisor detected: KVM
[    0.000000] e820: last_pfn = 0x7fff0 max_arch_pfn = 0x400000000
[    0.000000] MTRR: Disabled
[    0.000000] x86/PAT: MTRRs disabled, skipping PAT initialization too.
[    0.000000] CPU MTRRs all blank - virtualized system.
[    0.000000] x86/PAT: Configuration [0-7]: WB  WT  UC- UC  WB  WT  UC- UC  
[    0.000000] found SMP MP-table at [mem 0x0009fff0-0x0009ffff] mapped at [ffff88000009fff0]
[    0.000000] Scanning 1 areas for low memory corruption
[    0.000000] RAMDISK: [mem 0x362e0000-0x37167fff]
[    0.000000] ACPI: Early table checksum verification disabled
[    0.000000] ACPI: RSDP 0x00000000000E0000 000024 (v02 VBOX  )
[    0.000000] ACPI: XSDT 0x000000007FFF0030 00003C (v01 VBOX   VBOXXSDT 00000001 ASL  00000061)
[    0.000000] ACPI: FACP 0x000000007FFF00F0 0000F4 (v04 VBOX   VBOXFACP 00000001 ASL  00000061)
[    0.000000] ACPI: DSDT 0x000000007FFF0470 0022EA (v02 VBOX   VBOXBIOS 00000002 INTL 20100528)
[    0.000000] ACPI: FACS 0x000000007FFF0200 000040
[    0.000000] ACPI: FACS 0x000000007FFF0200 000040
[    0.000000] ACPI: APIC 0x000000007FFF0240 00005C (v02 VBOX   VBOXAPIC 00000001 ASL  00000061)
[    0.000000] ACPI: SSDT 0x000000007FFF02A0 0001CC (v01 VBOX   VBOXCPUT 00000002 INTL 20100528)
[    0.000000] No NUMA configuration found
[    0.000000] Faking a node at [mem 0x0000000000000000-0x000000007ffeffff]
[    0.000000] NODE_DATA(0) allocated [mem 0x7ffeb000-0x7ffeffff]
[    0.000000] kvm-clock: Using msrs 4b564d01 and 4b564d00
[    0.000000] kvm-clock: cpu 0, msr 0:7ffe3001, primary cpu clock
[    0.000000] kvm-clock: using sched offset of 3889689021 cycles
[    0.000000] clocksource: kvm-clock: mask: 0xffffffffffffffff max_cycles: 0x1cd42e4dffb, max_idle_ns: 881590591483 ns
[    0.000000] Zone ranges:
[    0.000000]   DMA      [mem 0x0000000000001000-0x0000000000ffffff]
[    0.000000]   DMA32    [mem 0x0000000001000000-0x000000007ffeffff]
[    0.000000]   Normal   empty
[    0.000000]   Device   empty
[    0.000000] Movable zone start for each node
[    0.000000] Early memory node ranges
[    0.000000]   node   0: [mem 0x0000000000001000-0x000000000009efff]
[    0.000000]   node   0: [mem 0x0000000000100000-0x000000007ffeffff]
[    0.000000] Initmem setup node 0 [mem 0x0000000000001000-0x000000007ffeffff]
[    0.000000] ACPI: PM-Timer IO Port: 0x4008
[    0.000000] IOAPIC[0]: apic_id 2, version 32, address 0xfec00000, GSI 0-23
[    0.000000] ACPI: INT_SRC_OVR (bus 0 bus_irq 0 global_irq 2 dfl dfl)
[    0.000000] ACPI: INT_SRC_OVR (bus 0 bus_irq 9 global_irq 9 low level)
[    0.000000] Using ACPI (MADT) for SMP configuration information
[    0.000000] smpboot: Allowing 2 CPUs, 0 hotplug CPUs
[    0.000000] PM: Registered nosave memory: [mem 0x00000000-0x00000fff]
[    0.000000] PM: Registered nosave memory: [mem 0x0009f000-0x0009ffff]
[    0.000000] PM: Registered nosave memory: [mem 0x000a0000-0x000effff]
[    0.000000] PM: Registered nosave memory: [mem 0x000f0000-0x000fffff]
[    0.000000] e820: [mem 0x80000000-0xfebfffff] available for PCI devices
[    0.000000] Booting paravirtualized kernel on KVM
[    0.000000] clocksource: refined-jiffies: mask: 0xffffffff max_cycles: 0xffffffff, max_idle_ns: 7645519600211568 ns
[    0.000000] setup_percpu: NR_CPUS:512 nr_cpumask_bits:512 nr_cpu_ids:2 nr_node_ids:1
[    0.000000] PERCPU: Embedded 33 pages/cpu @ffff88007fc00000 s95448 r8192 d31528 u1048576
[    0.000000] Built 1 zonelists in Node order, mobility grouping on.  Total pages: 515960
[    0.000000] Policy zone: DMA32
[    0.000000] Kernel command line: BOOT_IMAGE=/boot/vmlinuz-4.4.0-176-generic root=LABEL=cloudimg-rootfs ro console=tty1 console=ttyS0
[    0.000000] PID hash table entries: 4096 (order: 3, 32768 bytes)
[    0.000000] Memory: 2029864K/2096696K available (8626K kernel code, 1336K rwdata, 4032K rodata, 1488K init, 1292K bss, 66832K reserved, 0K cma-reserved)
[    0.000000] SLUB: HWalign=64, Order=0-3, MinObjects=0, CPUs=2, Nodes=1
[    0.000000] Kernel/User page tables isolation: enabled
[    0.000000] Hierarchical RCU implementation.
[    0.000000] 	Build-time adjustment of leaf fanout to 64.
[    0.000000] 	RCU restricting CPUs from NR_CPUS=512 to nr_cpu_ids=2.
[    0.000000] RCU: Adjusting geometry for rcu_fanout_leaf=64, nr_cpu_ids=2
[    0.000000] NR_IRQS:33024 nr_irqs:440 16
[    0.000000] Console: colour VGA+ 80x25
[    0.000000] console [tty1] enabled
[    0.000000] console [ttyS0] enabled
[    0.000000] tsc: Detected 2899.998 MHz processor
[    0.215811] Calibrating delay loop (skipped) preset value.. 5799.99 BogoMIPS (lpj=11599992)
[    0.217894] pid_max: default: 32768 minimum: 301
[    0.219013] ACPI: Core revision 20150930
[    0.220948] ACPI: 2 ACPI AML tables successfully acquired and loaded
[    0.223001] Security Framework initialized
[    0.224278] Yama: becoming mindful.
[    0.225212] AppArmor: AppArmor initialized
[    0.227774] Dentry cache hash table entries: 262144 (order: 9, 2097152 bytes)
[    0.230262] Inode-cache hash table entries: 131072 (order: 8, 1048576 bytes)
[    0.233980] Mount-cache hash table entries: 4096 (order: 3, 32768 bytes)
[    0.235788] Mountpoint-cache hash table entries: 4096 (order: 3, 32768 bytes)
[    0.238523] Initializing cgroup subsys io
[    0.239874] Initializing cgroup subsys memory
[    0.240961] Initializing cgroup subsys devices
[    0.242069] Initializing cgroup subsys freezer
[    0.243619] Initializing cgroup subsys net_cls
[    0.245231] Initializing cgroup subsys perf_event
[    0.246896] Initializing cgroup subsys net_prio
[    0.248254] Initializing cgroup subsys hugetlb
[    0.249478] Initializing cgroup subsys pids
[    0.251946] mce: CPU supports 0 MCE banks
[    0.253517] Last level iTLB entries: 4KB 64, 2MB 8, 4MB 8
[    0.254951] Last level dTLB entries: 4KB 64, 2MB 0, 4MB 0, 1GB 4
[    0.257054] Spectre V1 : Mitigation: usercopy/swapgs barriers and __user pointer sanitization
[    0.259222] Spectre V2 : Mitigation: Full generic retpoline
[    0.260549] Spectre V2 : Spectre v2 / SpectreRSB mitigation: Filling RSB on context switch
[    0.262877] Speculative Store Bypass: Vulnerable
[    0.264301] MDS: Mitigation: Clear CPU buffers
[    0.268602] Freeing SMP alternatives memory: 36K
[    0.276034] ftrace: allocating 32305 entries in 127 pages
[    0.341413] smpboot: APIC(0) Converting physical 0 to logical package 0
[    0.343099] smpboot: Max logical packages: 1
[    0.345835] x2apic enabled
[    0.347277] Switched APIC routing to physical x2apic.
[    0.349486] ..TIMER: vector=0x30 apic1=0 pin1=2 apic2=-1 pin2=-1
[    0.459233] smpboot: CPU0: Intel(R) Core(TM) i5-5287U CPU @ 2.90GHz (family: 0x6, model: 0x3d, stepping: 0x4)
[    0.465054] Performance Events: unsupported p6 CPU model 61 no PMU driver, software events only.
[    0.478874] KVM setup paravirtual spinlock
[    0.482879] x86: Booting SMP configuration:
[    0.484126] .... node  #0, CPUs:      #1
[    0.485550] kvm-clock: cpu 1, msr 0:7ffe3041, secondary cpu clock
[    0.488454] mce: CPU supports 0 MCE banks
[    0.491236] x86: Booted up 1 node, 2 CPUs
[    0.492694] smpboot: Total of 2 processors activated (11599.99 BogoMIPS)
[    0.495302] devtmpfs: initialized
[    0.497613] evm: security.selinux
[    0.498563] evm: security.SMACK64
[    0.499416] evm: security.SMACK64EXEC
[    0.500487] evm: security.SMACK64TRANSMUTE
[    0.501479] evm: security.SMACK64MMAP
[    0.502412] evm: security.ima
[    0.503447] evm: security.capability
[    0.504808] clocksource: jiffies: mask: 0xffffffff max_cycles: 0xffffffff, max_idle_ns: 7645041785100000 ns
[    0.507265] futex hash table entries: 512 (order: 3, 32768 bytes)
[    0.509252] pinctrl core: initialized pinctrl subsystem
[    0.510948] RTC time: 20:37:57, date: 03/23/20
[    0.512891] NET: Registered protocol family 16
[    0.528128] cpuidle: using governor ladder
[    0.540420] cpuidle: using governor menu
[    0.543353] PCCT header not found.
[    0.544675] ACPI: bus type PCI registered
[    0.545757] acpiphp: ACPI Hot Plug PCI Controller Driver version: 0.5
[    0.547865] PCI: Using configuration type 1 for base access
[    0.560761] ACPI: Added _OSI(Module Device)
[    0.562144] ACPI: Added _OSI(Processor Device)
[    0.563617] ACPI: Added _OSI(3.0 _SCP Extensions)
[    0.565248] ACPI: Added _OSI(Processor Aggregator Device)
[    0.567473] ACPI: Executed 1 blocks of module-level executable AML code
[    0.570933] ACPI: Interpreter enabled
[    0.571993] ACPI: (supports S0 S5)
[    0.573059] ACPI: Using IOAPIC for interrupt routing
[    0.574539] PCI: Using host bridge windows from ACPI; if necessary, use "pci=nocrs" and report a bug
[    0.584886] ACPI: PCI Root Bridge [PCI0] (domain 0000 [bus 00-ff])
[    0.586310] acpi PNP0A03:00: _OSC: OS supports [ASPM ClockPM Segments MSI]
[    0.588125] acpi PNP0A03:00: _OSC: not requesting OS control; OS requires [ExtendedConfig ASPM ClockPM MSI]
[    0.590470] acpi PNP0A03:00: fail to add MMCONFIG information, can't access extended PCI configuration space under this bridge.
[    0.593918] PCI host bridge to bus 0000:00
[    0.594999] pci_bus 0000:00: root bus resource [io  0x0000-0x0cf7 window]
[    0.596696] pci_bus 0000:00: root bus resource [io  0x0d00-0xffff window]
[    0.598454] pci_bus 0000:00: root bus resource [mem 0x000a0000-0x000bffff window]
[    0.600880] pci_bus 0000:00: root bus resource [mem 0x80000000-0xfdffffff window]
[    0.602751] pci_bus 0000:00: root bus resource [bus 00-ff]
[    0.606660] pci 0000:00:01.1: legacy IDE quirk: reg 0x10: [io  0x01f0-0x01f7]
[    0.608565] pci 0000:00:01.1: legacy IDE quirk: reg 0x14: [io  0x03f6]
[    0.610349] pci 0000:00:01.1: legacy IDE quirk: reg 0x18: [io  0x0170-0x0177]
[    0.612390] pci 0000:00:01.1: legacy IDE quirk: reg 0x1c: [io  0x0376]
[    0.654069] pci 0000:00:07.0: quirk: [io  0x4000-0x403f] claimed by PIIX4 ACPI
[    0.655952] pci 0000:00:07.0: quirk: [io  0x4100-0x410f] claimed by PIIX4 SMB
[    0.677366] ACPI: PCI Interrupt Link [LNKA] (IRQs 5 9 10 *11)
[    0.679307] ACPI: PCI Interrupt Link [LNKB] (IRQs 5 9 *10 11)
[    0.681410] ACPI: PCI Interrupt Link [LNKC] (IRQs 5 *9 10 11)
[    0.683275] ACPI: PCI Interrupt Link [LNKD] (IRQs 5 9 10 *11)
[    0.686016] ACPI: Enabled 2 GPEs in block 00 to 07
[    0.687614] vgaarb: setting as boot device: PCI:0000:00:02.0
[    0.689054] vgaarb: device added: PCI:0000:00:02.0,decodes=io+mem,owns=io+mem,locks=none
[    0.690973] vgaarb: loaded
[    0.691942] vgaarb: bridge control possible 0000:00:02.0
[    0.693448] SCSI subsystem initialized
[    0.694627] ACPI: bus type USB registered
[    0.695864] usbcore: registered new interface driver usbfs
[    0.697224] usbcore: registered new interface driver hub
[    0.698480] usbcore: registered new device driver usb
[    0.700030] PCI: Using ACPI for IRQ routing
[    0.701420] NetLabel: Initializing
[    0.702416] NetLabel:  domain hash size = 128
[    0.703495] NetLabel:  protocols = UNLABELED CIPSOv4
[    0.704935] NetLabel:  unlabeled traffic allowed by default
[    0.706789] amd_nb: Cannot enumerate AMD northbridges
[    0.708255] clocksource: Switched to clocksource kvm-clock
[    0.718133] AppArmor: AppArmor Filesystem Enabled
[    0.719329] pnp: PnP ACPI init
[    0.721577] pnp: PnP ACPI: found 3 devices
[    0.734045] clocksource: acpi_pm: mask: 0xffffff max_cycles: 0xffffff, max_idle_ns: 2085701024 ns
[    0.736119] NET: Registered protocol family 2
[    0.737451] TCP established hash table entries: 16384 (order: 5, 131072 bytes)
[    0.739255] TCP bind hash table entries: 16384 (order: 6, 262144 bytes)
[    0.740754] TCP: Hash tables configured (established 16384 bind 16384)
[    0.742288] UDP hash table entries: 1024 (order: 3, 32768 bytes)
[    0.743664] UDP-Lite hash table entries: 1024 (order: 3, 32768 bytes)
[    0.745284] NET: Registered protocol family 1
[    0.746451] pci 0000:00:00.0: Limiting direct PCI/PCI transfers
[    0.748007] pci 0000:00:01.0: Activating ISA DMA hang workarounds
[    0.749615] Unpacking initramfs...
[    1.011168] Freeing initrd memory: 14880K
[    1.012406] RAPL PMU detected, API unit is 2^-32 Joules, 4 fixed counters 10737418240 ms ovfl timer
[    1.014916] hw unit of domain pp0-core 2^-0 Joules
[    1.016083] hw unit of domain package 2^-0 Joules
[    1.017352] hw unit of domain dram 2^-0 Joules
[    1.018862] hw unit of domain pp1-gpu 2^-0 Joules
[    1.020227] clocksource: tsc: mask: 0xffffffffffffffff max_cycles: 0x29cd4133323, max_idle_ns: 440795296220 ns
[    1.022586] platform rtc_cmos: registered platform RTC device (no PNP device found)
[    1.024630] Scanning for low memory corruption every 60 seconds
[    1.027178] audit: initializing netlink subsys (disabled)
[    1.028518] audit: type=2000 audit(1584995883.530:1): initialized
[    1.030408] Initialise system trusted keyring
[    1.031736] HugeTLB registered 2 MB page size, pre-allocated 0 pages
[    1.034548] zbud: loaded
[    1.035614] VFS: Disk quotas dquot_6.6.0
[    1.036721] VFS: Dquot-cache hash table entries: 512 (order 0, 4096 bytes)
[    1.038478] squashfs: version 4.0 (2009/01/31) Phillip Lougher
[    1.040517] fuse init (API version 7.23)
[    1.041625] Key type big_key registered
[    1.042652] Allocating IMA MOK and blacklist keyrings.
[    1.045660] Key type asymmetric registered
[    1.046751] Asymmetric key parser 'x509' registered
[    1.048128] Block layer SCSI generic (bsg) driver version 0.4 loaded (major 249)
[    1.050351] io scheduler noop registered
[    1.051357] io scheduler deadline registered (default)
[    1.052721] io scheduler cfq registered
[    1.053764] pci_hotplug: PCI Hot Plug PCI Core version: 0.5
[    1.055104] pciehp: PCI Express Hot Plug Controller Driver version: 0.4
[    1.057134] ACPI: AC Adapter [AC] (on-line)
[    1.058522] input: Power Button as /devices/LNXSYSTM:00/LNXPWRBN:00/input/input0
[    1.060700] ACPI: Power Button [PWRF]
[    1.061842] input: Sleep Button as /devices/LNXSYSTM:00/LNXSLPBN:00/input/input1
[    1.064179] ACPI: Sleep Button [SLPF]
[    1.068696] GHES: HEST is not enabled!
[    1.068754] ACPI: Battery Slot [BAT0] (battery present)
[    1.074060] Serial: 8250/16550 driver, 32 ports, IRQ sharing enabled
[    1.097773] 00:02: ttyS0 t I/O 0x3f8 (irq = 4, base_baud = 115200) is a 16550A
[    1.108471] Linux agpgart interface v0.103
[    1.114857] loop: module loaded
[    1.116877] scsi host0: ata_piix
[    1.118237] scsi host1: ata_piix
[    1.119153] ata1: PATA max UDMA/33 cmd 0x1f0 ctl 0x3f6 bmdma 0xd000 irq 14
[    1.121162] ata2: PATA max UDMA/33 cmd 0x170 ctl 0x376 bmdma 0xd008 irq 15
[    1.122959] libphy: Fixed MDIO Bus: probed
[    1.124089] tun: Universal TUN/TAP device driver, 1.6
[    1.125481] tun: (C) 1999-2004 Max Krasnyansky <maxk@qualcomm.com>
[    1.127082] PPP generic driver version 2.4.2
[    1.128356] ehci_hcd: USB 2.0 'Enhanced' Host Controller (EHCI) Driver
[    1.129877] ehci-pci: EHCI PCI platform driver
[    1.131190] ehci-platform: EHCI generic platform driver
[    1.132460] ohci_hcd: USB 1.1 'Open' Host Controller (OHCI) Driver
[    1.134007] ohci-pci: OHCI PCI platform driver
[    1.135174] ohci-platform: OHCI generic platform driver
[    1.136471] uhci_hcd: USB Universal Host Controller Interface driver
[    1.138034] i8042: PNP: PS/2 Controller [PNP0303:PS2K,PNP0f03:PS2M] at 0x60,0x64 irq 1,12
[    1.140360] serio: i8042 KBD port at 0x60,0x64 irq 1
[    1.141576] serio: i8042 AUX port at 0x60,0x64 irq 12
[    1.142987] mousedev: PS/2 mouse device common for all mice
[    1.145265] input: AT Translated Set 2 keyboard as /devices/platform/i8042/serio0/input/input2
[    1.148536] rtc_cmos rtc_cmos: rtc core: registered rtc_cmos as rtc0
[    1.150333] rtc_cmos rtc_cmos: alarms up to one day, 114 bytes nvram
[    1.152193] i2c /dev entries driver
[    1.153283] device-mapper: uevent: version 1.0.3
[    1.154492] device-mapper: ioctl: 4.34.0-ioctl (2015-10-28) initialised: dm-devel@redhat.com
[    1.156458] ledtrig-cpu: registered to indicate activity on CPUs
[    1.158225] NET: Registered protocol family 10
[    1.159672] NET: Registered protocol family 17
[    1.160809] Key type dns_resolver registered
[    1.162236] registered taskstats version 1
[    1.163248] Loading compiled-in X.509 certificates
[    1.165102] Loaded X.509 cert 'Build time autogenerated kernel key: c2b7431ed9258328a3a0cf301f850647788d8e61'
[    1.167414] zswap: loaded using pool lzo/zbud
[    1.170382] Key type trusted registered
[    1.174741] Key type encrypted registered
[    1.175722] AppArmor: AppArmor sha1 policy hashing enabled
[    1.177409] ima: No TPM chip found, activating TPM-bypass!
[    1.178816] ima: Allocated hash algorithm: sha1
[    1.179946] evm: HMAC attrs: 0x1
[    1.181373]   Magic number: 12:413:650
[    1.182318] tty ttyprintk: hash matches
[    1.184154] rtc_cmos rtc_cmos: setting system clock to 2020-03-23 20:37:58 UTC (1584995878)
[    1.186639] BIOS EDD facility v0.16 2004-Jun-25, 0 devices found
[    1.188012] EDD information not available.
[    1.278269] Freeing unused kernel memory: 1488K
[    1.279536] Write protecting the kernel read-only data: 14336k
[    1.281782] Freeing unused kernel memory: 1604K
[    1.285183] Freeing unused kernel memory: 64K
Loading, please wait...
starting version 229
[    1.304832] random: systemd-udevd: uninitialized urandom read (16 bytes read, 3 bits of entropy available)
[    1.305343] random: udevadm: uninitialized urandom read (16 bytes read, 3 bits of entropy available)
[    1.305377] random: udevadm: uninitialized urandom read (16 bytes read, 3 bits of entropy available)
[    1.314795] random: systemd-udevd: uninitialized urandom read (16 bytes read, 3 bits of entropy available)
[    1.318723] random: udevadm: uninitialized urandom read (16 bytes read, 3 bits of entropy available)
[    1.318799] random: udevadm: uninitialized urandom read (16 bytes read, 3 bits of entropy available)
[    1.319019] random: udevadm: uninitialized urandom read (16 bytes read, 3 bits of entropy available)
[    1.319171] random: udevadm: uninitialized urandom read (16 bytes read, 3 bits of entropy available)
[    1.319256] random: udevadm: uninitialized urandom read (16 bytes read, 3 bits of entropy available)
[    1.319332] random: udevadm: uninitialized urandom read (16 bytes read, 3 bits of entropy available)
[    1.437777] e1000: Intel(R) PRO/1000 Network Driver - version 7.3.21-k8-NAPI
[    1.439412] e1000: Copyright (c) 1999-2006 Intel Corporation.
[    1.447406] Fusion MPT base driver 3.04.20
[    1.448524] Copyright (c) 1999-2008 LSI Corporation
[    1.463328] Fusion MPT SPI Host driver 3.04.20
[    1.502005] AVX2 version of gcm_enc/dec engaged.
[    1.505217] AES CTR mode by8 optimization enabled
[    1.719743] input: ImExPS/2 Generic Explorer Mouse as /devices/platform/i8042/serio1/input/input4
[    3.089333] e1000 0000:00:03.0 eth0: (PCI:33MHz:32-bit) 02:90:e9:96:cf:60
[    3.092247] e1000 0000:00:03.0 eth0: Intel(R) PRO/1000 Network Connection
[    4.056519] e1000 0000:00:08.0 eth1: (PCI:33MHz:32-bit) 08:00:27:03:7a:94
[    4.066015] e1000 0000:00:08.0 eth1: Intel(R) PRO/1000 Network Connection
[    4.071219] e1000 0000:00:03.0 enp0s3: renamed from eth0
[    4.073237] mptbase: ioc0: Initiating bringup
[    4.090987] e1000 0000:00:08.0 enp0s8: renamed from eth1
[    4.144808] ioc0: LSI53C1030 A0: Capabilities={Initiator}
[    4.311252] scsi host2: ioc0: LSI53C1030 A0, FwRev=00000000h, Ports=1, MaxQ=256, IRQ=20
[    4.429844] scsi 2:0:0:0: Direct-Access     VBOX     HARDDISK         1.0  PQ: 0 ANSI: 5
[    4.450476] scsi target2:0:0: Beginning Domain Validation
[    4.455235] scsi target2:0:0: Domain Validation skipping write tests
[    4.457524] scsi target2:0:0: Ending Domain Validation
[    4.462877] scsi target2:0:0: asynchronous
[    4.466026] scsi 2:0:1:0: Direct-Access     VBOX     HARDDISK         1.0  PQ: 0 ANSI: 5
[    4.470408] scsi target2:0:1: Beginning Domain Validation
[    4.474123] scsi target2:0:1: Domain Validation skipping write tests
[    4.480233] scsi target2:0:1: Ending Domain Validation
[    4.483287] scsi target2:0:1: asynchronous
[    4.504496] sd 2:0:0:0: Attached scsi generic sg0 type 0
[    4.505970] sd 2:0:0:0: [sda] 20971520 512-byte logical blocks: (10.7 GB/10.0 GiB)
[    4.512521] sd 2:0:0:0: [sda] Write Protect is off
[    4.512886] sd 2:0:1:0: Attached scsi generic sg1 type 0
[    4.515018] sd 2:0:1:0: [sdb] 20480 512-byte logical blocks: (10.5 MB/10.0 MiB)
[    4.515279] sd 2:0:1:0: [sdb] Write Protect is off
[    4.515564] sd 2:0:1:0: [sdb] Incomplete mode parameter data
[    4.515566] sd 2:0:1:0: [sdb] Assuming drive cache: write through
[    4.520750] sd 2:0:1:0: [sdb] Attached SCSI disk
[    4.531275] sd 2:0:0:0: [sda] Incomplete mode parameter data
[    4.534363] sd 2:0:0:0: [sda] Assuming drive cache: write through
[    4.539165]  sda: sda1
[    4.544405] sd 2:0:0:0: [sda] Attached SCSI disk
Begin: Loading essential drivers ... [    5.977124] md: linear personality registered for level -1
[    5.982695] md: multipath personality registered for level -4
[    5.987645] md: raid0 personality registered for level 0
[    5.993271] md: raid1 personality registered for level 1
[    6.064397] raid6: sse2x1   gen()  7601 MB/s
[    6.132489] raid6: sse2x1   xor()  7239 MB/s
[    6.200519] raid6: sse2x2   gen() 12108 MB/s
[    6.268551] raid6: sse2x2   xor()  7406 MB/s
[    6.336506] raid6: sse2x4   gen() 13706 MB/s
[    6.404928] raid6: sse2x4   xor()  9415 MB/s
[    6.476582] raid6: avx2x1   gen() 13434 MB/s
[    6.544482] raid6: avx2x2   gen() 21025 MB/s
[    6.612299] raid6: avx2x4   gen() 24598 MB/s
[    6.613385] raid6: using algorithm avx2x4 gen() 24598 MB/s
[    6.614643] raid6: using avx2x2 recovery algorithm
[    6.616766] xor: automatically using best checksumming function:
[    6.656275]    avx       : 27179.000 MB/sec
[    6.658976] async_tx: api initialized (async)
[    6.671954] md: raid6 personality registered for level 6
[    6.673634] md: raid5 personality registered for level 5
[    6.675390] md: raid4 personality registered for level 4
[    6.685681] md: raid10 personality registered for level 10
done.
Begin: Running /scripts/init-premount ... done.
Begin: Mounting root file system ... Begin: Running /scripts/local-top ... done.
Begin: Running /scripts/local-premount ... [    6.719523] Btrfs loaded
Scanning for Btrfs filesystems
done.
Warning: fsck not present, so skipping root file system
[    6.754884] EXT4-fs (sda1): mounted filesystem with ordered data mode. Opts: (null)
done.
Begin: Running /scripts/local-bottom ... done.
Begin: Running /scripts/init-bottom ... done.
[    6.868071] systemd[1]: systemd 229 running in system mode. (+PAM +AUDIT +SELINUX +IMA +APPARMOR +SMACK +SYSVINIT +UTMP +LIBCRYPTSETUP +GCRYPT +GNUTLS +ACL +XZ -LZ4 +SECCOMP +BLKID +ELFUTILS +KMOD -IDN)
[    6.872691] systemd[1]: Detected virtualization oracle.
[    6.874114] systemd[1]: Detected architecture x86-64.

Welcome to [1mUbuntu 16.04.6 LTS[0m!

[    6.879533] systemd[1]: Set hostname to <ubuntu>.
[    6.883669] systemd[1]: Initializing machine ID from random generator.
[    6.885314] systemd[1]: Installed transient /etc/machine-id file.
[    7.193494] systemd[1]: Listening on LVM2 metadata daemon socket.
[[0;32m  OK  [0m] Listening on LVM2 metadata daemon socket.
[    7.199284] systemd[1]: Listening on Journal Socket.
[[0;32m  OK  [0m] Listening on Journal Socket.
[    7.202532] systemd[1]: Started Trigger resolvconf update for networkd DNS.
[[0;32m  OK  [0m] Started Trigger resolvconf update for networkd DNS.
[    7.207958] systemd[1]: Listening on udev Kernel Socket.
[[0;32m  OK  [0m] Listening on udev Kernel Socket.
[    7.211086] systemd[1]: Listening on /dev/initctl Compatibility Named Pipe.
[[0;32m  OK  [0m] Listening on /dev/initctl Compatibility Named Pipe.
[    7.216827] systemd[1]: Reached target System Time Synchronized.
[[0;32m  OK  [0m] Reached target System Time Synchronized.
[    7.309900] systemd[1]: Listening on LVM2 poll daemon socket.
[[0;32m  OK  [0m] Listening on LVM2 poll daemon socket.
[    7.376193] systemd[1]: Reached target Swap.
[[0;32m  OK  [0m] Reached target Swap.
[    7.384194] systemd[1]: Listening on Journal Socket (/dev/log).
[[0;32m  OK  [0m] Listening on Journal Socket (/dev/log).
[    7.393903] systemd[1]: Reached target User and Group Name Lookups.
[[0;32m  OK  [0m] Reached target User and Group Name Lookups.
[    7.414846] systemd[1]: Listening on Device-mapper event daemon FIFOs.
[[0;32m  OK  [0m] Listening on Device-mapper event daemon FIFOs.
[    7.434450] systemd[1]: Listening on Syslog Socket.
[[0;32m  OK  [0m] Listening on Syslog Socket.
[    7.455155] systemd[1]: Created slice System Slice.
[[0;32m  OK  [0m] Created slice System Slice.
[    8.112550] systemd[1]: Starting Nameserver information manager...
         Starting Nameserver information manager...
[    8.119061] systemd[1]: Starting Monitoring of LVM2 mirrors, snapshots etc. using dmeventd or progress polling...
         Starting Monitoring of LVM2 mirrors... dmeventd or progress polling...
[    8.134691] systemd[1]: Starting Remount Root and Kernel File Systems...
         Starting Remount Root and Kernel File Systems...
[    8.141864] systemd[1]: Starting Uncomplicated firewall...
         Starting Uncomplicated firewall...
[    8.148241] EXT4-fs (sda1): re-mounted. Opts: (null)
[    8.153383] systemd[1]: Starting Create list of required static device nodes for the current kernel...
         Starting Create list of required st... nodes for the current kernel...
[    8.164282] systemd[1]: Starting Load Kernel Modules...
         Starting Load Kernel Modules...
[    8.169163] systemd[1]: Starting Set console keymap...
         Starting Set console keymap...
[    8.177169] systemd[1]: Mounting POSIX Message Queue File System...
         Mounting POSIX Message Queue File System...
[    8.185935] systemd[1]: Mounting Huge Pages File System...
[    8.205402] Loading iSCSI transport class v2.0-870.
         Mounting Huge Pages File System...
[    8.225879] iscsi: registered transport (tcp)
[    8.237265] systemd[1]: Mounting Debug File System...
         Mounting Debug File System...
[    8.247350] systemd[1]: Reached target Encrypted Volumes.
[[0;32m  OK  [0m] Reached target Encrypted Volumes.
[    8.257988] systemd[1]: Listening on udev Control Socket.
[[0;32m  OK  [0m] Listening on udev Control Socket.
[    8.267851] systemd[1]: Started Forward Password Requests to Wall Directory Watch.
[[0;32m  OK  [0m] Started Forward Password Requests to Wall Directory Watch.
[    8.278006] systemd[1]: Created slice User and Session Slice.
[[0;32m  OK  [0m] Created slice User and Session Slice.
[    8.285616] systemd[1]: Reached target Slices.
[[0;32m  OK  [0m] Reached target Slices.
[    8.294207] systemd[1]: Created slice system-serial\x2dgetty.slice.
[[0;32m  OK  [0m] Created slice system-serial\x2dgetty.slice.
[    8.306247] systemd[1]: Listening on Journal Audit Socket.
[[0;32m  OK  [0m] Listening on Journal Audit Socket.
[    8.352675] systemd[1]: Starting Journal Service...
         Starting Journal Service...
[    8.373533] systemd[1]: Set up automount Arbitrary Executable File Formats File System Automount Point.
[[0;32m  OK  [0m] Set up automount Arbitrary Ex[    8.383062] iscsi: registered transport (iser)
ecutab...ats File System Automount Point.
[    8.405911] random: nonblocking pool is initialized
[    8.407008] systemd[1]: Mounted POSIX Message Queue File System.
[[0;32m  OK  [0m] Mounted POSIX Message Queue File System.
[    8.425790] systemd[1]: Mounted Huge Pages File System.
[[0;32m  OK  [0m] Mounted Huge Pages File System.
[    8.435081] systemd[1]: Mounted Debug File System.
[[0;32m  OK  [0m] Mounted Debug File System.
[    8.453794] systemd[1]: Started Journal Service.
[[0;32m  OK  [0m] Started Journal Service.
[[0;32m  OK  [0m] Started Remount Root and Kernel File Systems.
[[0;32m  OK  [0m] Started Uncomplicated firewall.
[[0;32m  OK  [0m] Started Create list of required sta...ce nodes for the current kernel.
[[0;32m  OK  [0m] Started Load Kernel Modules.
[[0;32m  OK  [0m] Started Set console keymap.
[[0;32m  OK  [0m] Started Nameserver information manager.
[[0;32m  OK  [0m] Started LVM2 metadata daemon.
         Mounting FUSE Control File System...
         Starting Apply Kernel Variables...
         Starting Create Static Device Nodes in /dev...
         Starting udev Coldplug all Devices...
         Starting Load/Save Random Seed...
         Starting Flush Journal to Persistent Storage...
[[0;32m  OK  [0m] Mounted FUSE Control File System.
[[0;32m  OK  [0m] Started Apply Kernel Variables.
[[0;32m  OK  [0m] Started Load/Save Random Seed.
[[0;32m  OK  [0m] Started Create Static Device Nodes in /dev.
         Starting udev Kernel Device Manager...
[[0;32m  OK  [0m] Started Flush Journal to Persistent Storage.
[[0;32m  OK  [0m] Started udev Kernel Device Manager.
[[0;32m  OK  [0m] Started udev Coldplug all Devices.
[[0;32m  OK  [0m] Started Dispatch Password Requests to Console Directory Watch.
[[0;32m  OK  [0m] Found device /dev/ttyS0.
[[0;32m  OK  [0m] Listening on Load/Save RF Kill Switch Status /dev/rfkill Watch.
[[0;32m  OK  [0m] Started Monitoring of LVM2 mirrors,...ng dmeventd or progress polling.
[[0;32m  OK  [0m] Reached target Local File Systems (Pre).
[[0;32m  OK  [0m] Reached target Local File Systems.
         Starting Create Volatile Files and Directories...
         Starting Commit a transient machine-id on disk...
         Starting Tell Plymouth To Write Out Runtime Data...
         Starting Set console font and keymap...
         Starting Initial cloud-init job (pre-networking)...
         Starting LSB: AppArmor initialization...
[[0;32m  OK  [0m] Started Create Volatile Files and Directories.
[[0;32m  OK  [0m] Started Commit a transient machine-id on disk.
[[0;32m  OK  [0m] Started Tell Plymouth To Write Out Runtime Data.
         Starting Update UTMP about System Boot/Shutdown...
[[0;32m  OK  [0m] Started Update UTMP about System Boot/Shutdown.
[[0;32m  OK  [0m] Started Set console font and keymap.
[[0;32m  OK  [0m] Created slice system-getty.slice.
[[0;32m  OK  [0m] Started LSB: AppArmor initialization.
[   11.434348] cloud-init[644]: Cloud-init v. 19.4-33-gbb4131a2-0ubuntu1~16.04.1 running 'init-local' at Mon, 23 Mar 2020 20:38:08 +0000. Up 10.90 seconds.
[[0;32m  OK  [0m] Started Initial cloud-init job (pre-networking).
[[0;32m  OK  [0m] Reached target Network (Pre).
         Starting Raise network interfaces...
[[0;32m  OK  [0m] Started Raise network interfaces.
[[0;32m  OK  [0m] Reached target Network.
         Starting Initial cloud-init job (metadata service crawler)...
[   13.521152] cloud-init[962]: Cloud-init v. 19.4-33-gbb4131a2-0ubuntu1~16.04.1 running 'init' at Mon, 23 Mar 2020 20:38:10 +0000. Up 12.59 seconds.
[   13.526608] cloud-init[962]: ci-info: ++++++++++++++++++++++++++++++++++++++Net device info+++++++++++++++++++++++++++++++++++++++
[   13.533931] cloud-init[962]: ci-info: +--------+-------+----------------------------+---------------+--------+-------------------+
[   13.538469] cloud-init[962]: ci-info: | Device |   Up  |          Address           |      Mask     | Scope  |     Hw-Address    |
[   13.543390] cloud-init[962]: ci-info: +--------+-------+----------------------------+---------------+--------+-------------------+
[   13.547681] cloud-init[962]: ci-info: | enp0s3 |  True |         10.0.2.15          | 255.255.255.0 | global | 02:90:e9:96:cf:60 |
[   13.552345] cloud-init[962]: ci-info: | enp0s3 |  True | fe80::90:e9ff:fe96:cf60/64 |       .       |  link  | 02:90:e9:96:cf:60 |
[   13.557251] cloud-init[962]: ci-info: | enp0s8 | False |             .              |       .       |   .    | 08:00:27:03:7a:94 |
[   13.569165] cloud-init[962]: ci-info: |   lo   |  True |         127.0.0.1          |   255.0.0.0   |  host  |         .         |
[   13.573772] cloud-init[962]: ci-info: |   lo   |  True |          ::1/128           |       .       |  host  |         .         |
[   13.581435] cloud-init[962]: ci-info: +--------+-------+----------------------------+---------------+--------+-------------------+
[   13.586537] cloud-init[962]: ci-info: +++++++++++++++++++++++++++Route IPv4 info++++++++++++++++++++++++++++
[   13.590316] cloud-init[962]: ci-info: +-------+-------------+----------+---------------+-----------+-------+
[   13.595088] cloud-init[962]: ci-info: | Route | Destination | Gateway  |    Genmask    | Interface | Flags |
[   13.600259] cloud-init[962]: ci-info: +-------+-------------+----------+---------------+-----------+-------+
[   13.605290] cloud-init[962]: ci-info: |   0   |   0.0.0.0   | 10.0.2.2 |    0.0.0.0    |   enp0s3  |   UG  |
[   13.611441] cloud-init[962]: ci-info: |   1   |   10.0.2.0  | 0.0.0.0  | 255.255.255.0 |   enp0s3  |   U   |
[   13.615442] cloud-init[962]: ci-info: +-------+-------------+----------+---------------+-----------+-------+
[   13.621743] cloud-init[962]: ci-info: +++++++++++++++++++Route IPv6 info+++++++++++++++++++
[   13.626480] cloud-init[962]: ci-info: +-------+-------------+---------+-----------+-------+
[   13.631469] cloud-init[962]: ci-info: | Route | Destination | Gateway | Interface | Flags |
[   13.637689] cloud-init[962]: ci-info: +-------+-------------+---------+-----------+-------+
[   13.642996] cloud-init[962]: ci-info: |   0   |  fe80::/64  |    ::   |   enp0s3  |   U   |
[   13.648018] cloud-init[962]: ci-info: |   3   |   ff00::/8  |    ::   |   enp0s3  |   U   |
[   13.652653] cloud-init[962]: ci-info: +-------+-------------+---------+-----------+-------+
[   13.657358] cloud-init[962]: Generating public/private rsa key pair.
[   13.660817] cloud-init[962]: Your identification has been saved in /etc/ssh/ssh_host_rsa_key.
[   13.665911] cloud-init[962]: Your public key has been saved in /etc/ssh/ssh_host_rsa_key.pub.
[   13.671732] cloud-init[962]: The key fingerprint is:
[   13.674588] cloud-init[962]: SHA256:oZeQUoWcs198B9RMsVUlzCL5Bs+RBO7a4kttAZ0b6MA root@ubuntu-xenial
[   13.680864] cloud-init[962]: The key's randomart image is:
[   13.683998] cloud-init[962]: +---[RSA 2048]----+
[   13.686380] cloud-init[962]: |     ..+. .=oB+.*|
[   13.691033] cloud-init[962]: |     o=. ++.= =+ |
[   13.694774] cloud-init[962]: |    . Eo+.=* +.  |
[   13.697359] cloud-init[962]: |     ..= =oo* .  |
[   13.699194] cloud-init[962]: |      ..S.+o .   |
[   13.701010] cloud-init[962]: |       ..+ .     |
[   13.702862] cloud-init[962]: |        + +      |
[   13.704808] cloud-init[962]: |       o o       |
[   13.713272] cloud-init[962]: |        o.       |
[   13.718578] cloud-init[962]: +----[SHA256]-----+
[   13.722444] cloud-init[962]: Generating public/private dsa key pair.
[   13.726859] cloud-init[962]: Your identification has been saved in /etc/ssh/ssh_host_dsa_key.
[   13.737494] cloud-init[962]: Your public key has been saved in /etc/ssh/ssh_host_dsa_key.pub.
[   13.741364] cloud-init[962]: The key fingerprint is:
[   13.743479] cloud-init[962]: SHA256:Jdq1x1D5FxSKk7YXiUYUqTkcHDvSl4LZygZiRx6LFDI root@ubuntu-xenial
[   13.747400] cloud-init[962]: The key's randomart image is:
[   13.749640] cloud-init[962]: +---[DSA 1024]----+
[[0;32m  OK  [0m] Started Initial cloud-init job (metadata service crawler).
[   13.757399] cloud-init[[962]: [0;32m  OK  [0m| E o.o  ..o++..o.|] 
Reached target Cloud-config availability.
[   13.769245] [[0;32m  OK  [0m] Reached target Network is Online.
cloud-init[962]: |  + + o =ooo* o. |
[   13.772395] cloud-init[962]: |   + = +o*BX =  .|
[   13.780518] cloud-init[962]: |  . o oooO*+o o .|
[   13.791877] cloud-init[962]: |      .+S o.o. . |
         Starting iSCSI initiator daemon (iscsid)...
[[   13.792484] [0;32m  OK  [0mcloud-init] [962]: Reached target System Initialization.|      .    ..    |

[   13.804769] cloud-init[962]: |                 |
[[0;32m  OK  [0m] Started Daily Cleanup of Temporary Directories.[   13.805262] 
cloud-init[962]: |                 |
[   13.805827] cloud-init[962]: |                 |
[   13.814182] cloud-init[962]: +----[SHA256]-----+
[   13.816634] cloud-init[962]: Generating public/private ecdsa key pair.
[   13.817403] cloud-init[962]:          Your identification has been saved in /etc/ssh/ssh_host_ecdsa_key.Starting LXD - unix socket.

[[   13.817495] cloud-init[962]: Your public key has been saved in /etc/ssh/ssh_host_ecdsa_key.pub.
[0;32m  OK  [0m] Listening on UUID daemon activation socket.
[   13.829628] cloud-init[962]: The key fingerprint is:
[[0;32m  OK  [0m] Started Message of the Day.
[   13.835995] cloud-init[962]: SHA256:n/21x978HxSoRtVSUtxXyl0vBfKNMKB3JkAnRHLOick root@ubuntu-xenial
[[   13.839000] cloud-init[962]: The key's randomart image is:
[0;32m  OK  [0m] Started Daily apt download activities.
[   13.840250] cloud-init[962]: +---[ECDSA 256]---+
[   13.856827] cloud-init[962]: |      .+B o.+o*+*|
[   13.857216] cloud-init[962]: |     . B *  .BoO=|
         Starting Socket activation for snappy daemon.
[   13.857921] cloud-init[962]: |      E = o.o.B.=|
[   13.862655] cloud-init[962]: |         ..+.  ..|
[   13.872492] cloud-init[962]: |        S  o   . |
[[0;32m  OK  [0m] Started ACPI Events Check.
[   13.872814] cloud-init[962]: |         ..o  .  |
[   13.874539] cloud-init[962]: |          o .  o.|
[   13.874909] cloud-init[[962]: [0;32m  OK  [0m|             . o*|] 
Reached target Paths.
[[   13.874968] [0;32m  OK  [0mcloud-init] [962]: Listening on ACPID Listen Socket.|              .oX|

[   13.878864] cloud-init[962]: +----[SHA256]-----+
[   13.879121] cloud-init[962]: Generating public/private ed25519 key pair.
[[0;32m  OK  [0m] Listening on D-Bus System Message Bus Socket.
[[   13.879226] cloud-init[962]: Your identification has been saved in /etc/ssh/ssh_host_ed25519_key.
[0;32m  OK  [0m] Started Daily apt upgrade and clean activities.
[   13.881891] cloud-init[962]: Your public key has been saved in /etc/ssh/ssh_host_ed25519_key.pub.
[[0;32m  OK  [0m] Reached target Timers.
[   13.885480] cloud-init[962]: The key fingerprint is:
[   13.901020] cloud-init[962]: SHA256:YRh27einpaytjwGPN1VYVkFYq7GURCjrK56As0YYY+o root@ubuntu-xenial
[[0;32m  OK  [0m] Listening on LXD - unix socket.
[[   13.901471] [0;32m  OK  [0mcloud-init] [962]: Listening on Socket activation for snappy daemon.The key's randomart image is:

[   13.910271] cloud-init[962]: +--[ED25519 256]--+
[   13.916397] cloud-init[962]: |      o .+===.   |
[   13.925114] cloud-init[962]: |     ..+.=o. .   |
[   13.934605] cloud-init[962]: |      .o+o= .    |
[   13.952598] cloud-init[962]: |o.    ...+.+     |
[   13.960489] cloud-init[962]: |+o  .. .S o      |
[   13.961436] cloud-init[962]: |oo   +... o      |
[   13.962422] cloud-init[962]: |= . . =o =       |
[   13.963527] cloud-init[962]: | E ..o.=+        |
[[0;32m  OK  [0m] Reached target Sockets.
[[0;32m  OK  [0m] Reached target Basic System.
[   13.969562] cloud-init[962]: |o  .o.++o        |
[   13.976651] cloud-init[962]: +----[SHA256]-----+
[[0;32m  OK  [0m] Started D-Bus System Message Bus.
         Starting Virtualbox guest utils...
         Starting Accounts Service...
         Starting Pollinate to seed the pseudo random number generator...
[[0;32m  OK  [0m] Started Regular background program processing daemon.
         Starting LSB: Record successful boot for GRUB...
         Starting /etc/rc.local Compatibility...
[[0;32m  OK  [0m] Started FUSE filesystem for LXC.
         Starting Login Service...
[[0;32m  OK  [0m] Started Deferred execution scheduler.
         Starting System Logging Service...
         Starting Snappy daemon...
         Starting LSB: MD monitoring daemon...
[[0;32m  OK  [0m] Started ACPI event daemon.
         Starting LXD - container startup/shutdown...
[[0;32m  OK  [0m] Started iSCSI initiator daemon (iscsid).
[[0;32m  OK  [0m] Started /etc/rc.local Compatibility.
         Starting Login to default iSCSI targets...
[[0;32m  OK  [0m] Started Login Service.
[[0;32m  OK  [0m] Started Unattended Upgrades Shutdown.
[[0;32m  OK  [0m] Started System Logging Service.
[[0;32m  OK  [0m] Started LSB: Record successful boot for GRUB.
[[0;32m  OK  [0m] Started Login to default iSCSI targets.
[[0;32m  OK  [0m] Reached target Remote File Systems (Pre).
[[0;32m  OK  [0m] Reached target Remote File Systems.
         Starting LSB: automatic crash report generation...
         Starting LSB: daemon to balance interrupts for SMP systems...
         Starting Permit User Sessions...
         Starting LSB: Set the CPU Frequency Scaling governor to "ondemand"...
[[0;32m  OK  [0m] Started LSB: MD monitoring daemon.
[[0;32m  OK  [0m] Started Permit User Sessions.
         Starting Terminate Plymouth Boot Screen...
         Starting Hold until boot process finishes up...
         Starting Authenticate and Authorize Users to Run Privileged Tasks...
[[0;32m  OK  [0m] Started Terminate Plymouth Boot Screen.
[[0;32m  OK  [0m] Started Hold until boot process finishes up.
         Starting Set console scheme...
[[0;32m  OK  [0m] Started Serial Getty on ttyS0.
[[0;32m  OK  [0m] Started Getty on tty1.
[[0;32m  OK  [0m] Reached target Login Prompts.
[[0;32m  OK  [0m] Started LSB: Set the CPU Frequency Scaling governor to "ondemand".
[[0;32m  OK  [0m] Started Set console scheme.
[[0;32m  OK  [0m] Started LSB: daemon to balance interrupts for SMP systems.
[[0;32m  OK  [0m] Started LSB: automatic crash report generation.
[[0;32m  OK  [0m] Started Authenticate and Authorize Users to Run Privileged Tasks.
[[0;32m  OK  [0m] Started Accounts Service.
[[0;32m  OK  [0m] Started Virtualbox guest utils.
[[0;32m  OK  [0m] Started LXD - container startup/shutdown.
[[0;32m  OK  [0m] Started Snappy daemon.
         Starting Wait until snapd is fully seeded...
[[0;32m  OK  [0m] Started Pollinate to seed the pseudo random number generator.
         Starting OpenBSD Secure Shell server...
[[0;32m  OK  [0m] Started OpenBSD Secure Shell server.
[[0;32m  OK  [0m] Created slice User Slice of vagrant.
         Starting User Manager for UID 1000...
[[0;32m  OK  [0m] Started Session 1 of user vagrant.
[[0;32m  OK  [0m] Started User Manager for UID 1000.
         Starting Hostname Service...
[[0;32m  OK  [0m] Started Hostname Service.

Ubuntu 16.04.6 LTS ubuntu-xenial ttyS0

ubuntu-xenial login: [   24.077226] cloud-init[1478]: Generating locales (this might take a while)...
[   25.640584] cloud-init[1478]:   en_US.UTF-8... done
[   25.642165] cloud-init[1478]: Generation complete.
[   26.170428] cloud-init[1478]: Cloud-init v. 19.4-33-gbb4131a2-0ubuntu1~16.04.1 running 'modules:config' at Mon, 23 Mar 2020 20:38:21 +0000. Up 23.73 seconds.
ci-info: no authorized SSH keys fingerprints found for user ubuntu.
<14>Mar 23 20:38:24 ec2: 
<14>Mar 23 20:38:24 ec2: #############################################################
<14>Mar 23 20:38:24 ec2: -----BEGIN SSH HOST KEY FINGERPRINTS-----
<14>Mar 23 20:38:24 ec2: 1024 SHA256:Jdq1x1D5FxSKk7YXiUYUqTkcHDvSl4LZygZiRx6LFDI root@ubuntu-xenial (DSA)
<14>Mar 23 20:38:24 ec2: 256 SHA256:n/21x978HxSoRtVSUtxXyl0vBfKNMKB3JkAnRHLOick root@ubuntu-xenial (ECDSA)
<14>Mar 23 20:38:24 ec2: 256 SHA256:YRh27einpaytjwGPN1VYVkFYq7GURCjrK56As0YYY+o root@ubuntu-xenial (ED25519)
<14>Mar 23 20:38:24 ec2: 2048 SHA256:oZeQUoWcs198B9RMsVUlzCL5Bs+RBO7a4kttAZ0b6MA root@ubuntu-xenial (RSA)
<14>Mar 23 20:38:24 ec2: -----END SSH HOST KEY FINGERPRINTS-----
<14>Mar 23 20:38:24 ec2: #############################################################
-----BEGIN SSH HOST KEY KEYS-----
ecdsa-sha2-nistp256 AAAAE2VjZHNhLXNoYTItbmlzdHAyNTYAAAAIbmlzdHAyNTYAAABBBDhAx7B1M/ewAAY+BEpDRLLkC/zqF9cDJ7R6hnUi2cT+YEr1JIqFEmJ4SdEPlIbUuIBOLQVnYoUsT8bCJWwN6yk= root@ubuntu-xenial
ssh-ed25519 AAAAC3NzaC1lZDI1NTE5AAAAICEUdABouPS71up7I3AffbmuSpZbF/g2ML+NpfvvL77i root@ubuntu-xenial
ssh-rsa AAAAB3NzaC1yc2EAAAADAQABAAABAQCW/hKGuts93TvC2jMD2HXTtJwgNSVFv02TyuRblv4sAJihloCBP6YN4g4i09XChUYU8WmaTD701WrCz2qHyYGnQAxkvqyRBk9hlFOyRikF0U/Uh+icv5dl61OVP/117RagYBZpBB7ZS7B/1au4fTVdN6fb2C5FS3+V1EKsoQvpkDIs6A1rtwKyY83JqCNRoI1NujHVIVx/BBvIaKa3Fe2o3AeUJbA9jf6oGjdPMw1a8IlFncWIbyoln0bx/8oBtFUqGTgDjIxMsgabkbPC0hiMHfZVURn4AGmYAhhVUfnyG1fjcGfVw4lcc0k/iDtB5ZYlxN0QTtlBPwqs/603zm7v root@ubuntu-xenial
-----END SSH HOST KEY KEYS-----
[   27.251412] cloud-init[1756]: Cloud-init v. 19.4-33-gbb4131a2-0ubuntu1~16.04.1 running 'modules:final' at Mon, 23 Mar 2020 20:38:24 +0000. Up 26.80 seconds.
[   27.252334] cloud-init[1756]: ci-info: no authorized SSH keys fingerprints found for user ubuntu.
[   27.252466] cloud-init[1756]: Cloud-init v. 19.4-33-gbb4131a2-0ubuntu1~16.04.1 finished at Mon, 23 Mar 2020 20:38:24 +0000. Datasource DataSourceNoCloud [seed=/dev/sdb][dsmode=net].  Up 27.22 seconds
